2025-09-01 23:16:41,402 - INFO - Starting Konsultabot v1.0.0
2025-09-01 23:16:41,442 - INFO - Database initialized successfully
2025-09-01 23:16:41,443 - INFO - Google AI Studio API key configured - online mode available
2025-09-01 23:16:41,669 - INFO - Application started successfully
2025-09-01 23:19:32,640 - INFO - Application interrupted by user
2025-09-01 23:19:32,641 - INFO - Application shutdown
2025-09-01 23:21:07,111 - INFO - Starting Konsultabot v1.0.0
2025-09-01 23:21:07,114 - INFO - Database initialized successfully
2025-09-01 23:21:07,115 - INFO - Google AI Studio API key configured - online mode available
2025-09-01 23:21:07,402 - INFO - Application started successfully
2025-09-01 23:22:45,708 - INFO - Starting Konsultabot v1.0.0
2025-09-01 23:22:45,711 - INFO - Database initialized successfully
2025-09-01 23:22:45,712 - INFO - Google AI Studio API key configured - online mode available
2025-09-01 23:22:46,000 - INFO - Application started successfully
2025-09-01 23:23:00,682 - INFO - Application interrupted by user
2025-09-01 23:23:00,682 - INFO - Application shutdown
2025-09-01 23:26:30,418 - INFO - Starting Konsultabot v1.0.0
2025-09-01 23:26:30,422 - INFO - Database initialized successfully
2025-09-01 23:26:30,422 - INFO - Google AI Studio API key configured - online mode available
2025-09-01 23:26:30,694 - INFO - Application started successfully
2025-09-01 23:28:40,885 - INFO - Starting Konsultabot v1.0.0
2025-09-01 23:28:40,889 - INFO - Database initialized successfully
2025-09-01 23:28:40,890 - INFO - Google AI Studio API key configured - online mode available
2025-09-01 23:28:41,147 - INFO - Application started successfully
2025-09-01 23:32:24,387 - INFO - Starting Konsultabot v1.0.0
2025-09-01 23:32:24,390 - INFO - Database initialized successfully
2025-09-01 23:32:24,391 - INFO - Google AI Studio API key configured - online mode available
2025-09-01 23:32:24,647 - INFO - Application started successfully
2025-09-01 23:36:10,390 - INFO - Starting Konsultabot v1.0.0
2025-09-01 23:36:10,394 - INFO - Database initialized successfully
2025-09-01 23:36:10,394 - INFO - Google AI Studio API key configured - online mode available
2025-09-01 23:36:10,702 - INFO - Application started successfully
2025-09-01 23:38:46,938 - INFO - Application interrupted by user
2025-09-01 23:38:46,939 - INFO - Application shutdown
2025-09-01 23:40:24,313 - INFO - Starting Konsultabot v1.0.0
2025-09-01 23:40:24,318 - INFO - Database initialized successfully
2025-09-01 23:40:24,318 - INFO - Google AI Studio API key configured - online mode available
2025-09-01 23:40:24,689 - INFO - Application started successfully
2025-09-01 23:41:01,421 - INFO - Application interrupted by user
2025-09-01 23:41:01,422 - INFO - Application shutdown
2025-09-01 23:42:11,701 - INFO - Starting Konsultabot v1.0.0
2025-09-01 23:42:11,704 - INFO - Database initialized successfully
2025-09-01 23:42:11,705 - INFO - Google AI Studio API key configured - online mode available
2025-09-01 23:42:11,941 - INFO - Application started successfully
2025-09-01 23:45:44,532 - INFO - Starting Konsultabot v1.0.0
2025-09-01 23:45:44,536 - INFO - Database initialized successfully
2025-09-01 23:45:44,536 - INFO - Google AI Studio API key configured - online mode available
2025-09-01 23:45:44,782 - INFO - Application started successfully
2025-09-01 23:50:49,372 - INFO - Starting Konsultabot v1.0.0
2025-09-01 23:50:49,375 - INFO - Database initialized successfully
2025-09-01 23:50:49,375 - INFO - Google AI Studio API key configured - online mode available
2025-09-01 23:50:49,668 - INFO - Application started successfully
2025-09-01 23:53:11,002 - INFO - Application interrupted by user
2025-09-01 23:53:11,003 - INFO - Application shutdown
