2025-09-03 13:30:30,201 - INFO - Database initialized successfully
2025-09-03 13:30:30,202 - WARNING - pyttsx3 not available - text-to-speech disabled
2025-09-03 13:30:30,203 - INFO - Starting Konsultabot v2.0.0
2025-09-03 13:31:03,344 - WARNING - Login failed for Ace@evsu.edu.ph: Login failed: no such column: name
2025-09-03 13:31:06,802 - WARNING - Login failed for Ace@evsu.edu.ph: Login failed: no such column: name
2025-09-03 13:31:30,285 - ERROR - Login error: invalid command name ".!frame2.!entry"
2025-09-03 13:31:34,151 - WARNING - Registration failed for Calupas@evsu.edu.ph: Registration failed: table users has no column named name
2025-09-03 13:32:17,419 - WARNING - Registration failed for Calupas@evsu.edu.ph: Registration failed: table users has no column named name
2025-09-03 13:33:39,674 - INFO - Database initialized successfully
2025-09-03 13:33:39,674 - WARNING - pyttsx3 not available - text-to-speech disabled
2025-09-03 13:33:39,675 - INFO - Starting Konsultabot v2.0.0
2025-09-03 13:33:57,763 - WARNING - Login failed for Ace@evsu.edu.ph: Invalid email or password
2025-09-03 13:34:08,959 - WARNING - Login failed for Ace@evsu.edu.ph: Invalid email or password
2025-09-03 13:34:26,987 - ERROR - Login error: invalid command name ".!frame2.!entry"
2025-09-03 13:34:32,202 - INFO - User registered successfully: Ace@evsu.edu.ph
2025-09-03 13:34:50,424 - INFO - User logged in successfully: Ace@evsu.edu.ph
2025-09-03 13:34:50,426 - INFO - Session saved for user
2025-09-03 13:40:56,375 - INFO - Database initialized successfully
2025-09-03 13:40:56,398 - WARNING - pyttsx3 not available - text-to-speech disabled
2025-09-03 13:40:56,399 - WARNING - speech_recognition not available - voice input disabled
2025-09-03 13:40:56,400 - INFO - Starting Konsultabot v2.0.0
2025-09-03 13:40:56,406 - INFO - Restored session for user: Ace@evsu.edu.ph
2025-09-03 13:48:12,111 - INFO - Database initialized successfully
2025-09-03 13:48:12,112 - WARNING - pyttsx3 not available - text-to-speech disabled
2025-09-03 13:48:12,113 - WARNING - speech_recognition not available - voice input disabled
2025-09-03 13:48:12,113 - INFO - Starting Konsultabot v2.0.0
2025-09-03 13:48:12,114 - INFO - Restored session for user: Ace@evsu.edu.ph
2025-09-03 14:33:04,423 - INFO - Database initialized successfully
2025-09-03 14:33:04,424 - WARNING - pyttsx3 not available - text-to-speech disabled
2025-09-03 14:33:04,424 - WARNING - speech_recognition not available - voice input disabled
2025-09-03 14:33:04,425 - INFO - Starting Konsultabot v2.0.0
2025-09-03 14:33:04,426 - INFO - Restored session for user: Ace@evsu.edu.ph
2025-09-03 14:34:31,026 - INFO - Database initialized successfully
2025-09-03 14:34:31,027 - WARNING - pyttsx3 not available - text-to-speech disabled
2025-09-03 14:34:31,027 - WARNING - speech_recognition not available - voice input disabled
2025-09-03 14:34:31,028 - INFO - Starting Konsultabot v2.0.0
2025-09-03 14:34:31,028 - INFO - Restored session for user: Ace@evsu.edu.ph
